<?xml version="1.0" encoding="UTF-8"?>
<!-- Generated by org.testng.reporters.JUnitReportReporter -->
<testsuite skipped="0" hostname="DESKTOP-JVC3DQI" name="com.testcases.AssetsPageTest" tests="1" failures="0" timestamp="14 Jun 2018 08:57:15 GMT" time="34.106" errors="0">
  <testcase name="Clear_Date_Test" time="34.106" classname="com.testcases.AssetsPageTest"/>
</testsuite> <!-- com.testcases.AssetsPageTest -->
