<?xml version="1.0" encoding="UTF-8"?>
<!-- Generated by org.testng.reporters.JUnitReportReporter -->
<testsuite skipped="0" hostname="DESKTOP-JVC3DQI" name="com.testcases.LoginPageTest" tests="2" failures="0" timestamp="13 Jun 2018 09:10:24 GMT" time="25.328" errors="0">
  <testcase name="LoginPage_TitleTest" time="8.890" classname="com.testcases.LoginPageTest"/>
  <testcase name="LoginTest" time="16.438" classname="com.testcases.LoginPageTest"/>
</testsuite> <!-- com.testcases.LoginPageTest -->
