<?xml version="1.0" encoding="UTF-8"?>
<!-- Generated by org.testng.reporters.JUnitReportReporter -->
<testsuite skipped="0" hostname="DESKTOP-JVC3DQI" name="com.testcases.SettingsPageTest" tests="1" failures="0" timestamp="13 Jun 2018 11:02:27 GMT" time="51.962" errors="0">
  <testcase name="Terms_and_Options_Verification_Test" time="51.962" classname="com.testcases.SettingsPageTest"/>
</testsuite> <!-- com.testcases.SettingsPageTest -->
