<?xml version="1.0" encoding="UTF-8"?>
<!-- Generated by org.testng.reporters.JUnitReportReporter -->
<testsuite skipped="0" hostname="DESKTOP-JVC3DQI" name="com.testcases.DashBoardPageTest" tests="2" failures="0" timestamp="13 Jun 2018 09:54:13 GMT" time="46.585" errors="0">
  <testcase name="Verify_DashBoardPage_Title_Test" time="30.803" classname="com.testcases.DashBoardPageTest"/>
  <testcase name="Verify_DashBoardPage_Test" time="15.782" classname="com.testcases.DashBoardPageTest"/>
</testsuite> <!-- com.testcases.DashBoardPageTest -->
