<?xml version="1.0" encoding="UTF-8"?>
<!-- Generated by org.testng.reporters.JUnitReportReporter -->
<testsuite skipped="0" hostname="DESKTOP-JVC3DQI" name="com.testcases.Build_ProjectsPageTest" tests="1" failures="0" timestamp="06 Jun 2018 08:45:00 GMT" time="97.331" errors="0">
  <testcase name="Filter_Option_Test" time="97.331" classname="com.testcases.Build_ProjectsPageTest"/>
</testsuite> <!-- com.testcases.Build_ProjectsPageTest -->
