<?xml version="1.0" encoding="UTF-8"?>
<!-- Generated by org.testng.reporters.JUnitReportReporter -->
<testsuite skipped="0" hostname="DESKTOP-JVC3DQI" name="com.testcases.CapturePageTest" tests="1" failures="0" timestamp="13 Jun 2018 10:15:42 GMT" time="17.200" errors="0">
  <testcase name="CapturePage_Verification_Test" time="17.200" classname="com.testcases.CapturePageTest"/>
</testsuite> <!-- com.testcases.CapturePageTest -->
