<?xml version="1.0" encoding="UTF-8"?>
<!-- Generated by org.testng.reporters.JUnitReportReporter -->
<testsuite skipped="0" hostname="DESKTOP-JVC3DQI" name="com.testcases.Build_iQapturePageTest" tests="1" failures="0" timestamp="24 May 2018 08:45:25 GMT" time="41.788" errors="0">
  <testcase name="iQapturePage_Verification_Test" time="41.788" classname="com.testcases.Build_iQapturePageTest"/>
</testsuite> <!-- com.testcases.Build_iQapturePageTest -->
