<?xml version="1.0" encoding="UTF-8"?>
<!-- Generated by org.testng.reporters.JUnitReportReporter -->
<testsuite skipped="0" hostname="DESKTOP-JVC3DQI" name="com.testcases.TrackPageTest" tests="1" failures="0" timestamp="24 May 2018 09:04:33 GMT" time="25.987" errors="0">
  <testcase name="TrackPage_Verification_Test" time="25.987" classname="com.testcases.TrackPageTest"/>
</testsuite> <!-- com.testcases.TrackPageTest -->
