<?xml version="1.0" encoding="UTF-8"?>
<!-- Generated by org.testng.reporters.JUnitReportReporter -->
<testsuite skipped="0" hostname="DESKTOP-JVC3DQI" name="com.testcases.CalibrationPageTest" tests="1" failures="0" timestamp="13 Jun 2018 10:28:13 GMT" time="16.234" errors="0">
  <testcase name="CalibrationPage_Verification_Test" time="16.234" classname="com.testcases.CalibrationPageTest"/>
</testsuite> <!-- com.testcases.CalibrationPageTest -->
